INFO:root:Start log for server Juzang
INFO:root:Recieved propagate message: AT Clark/Clark +32656703.691619635 kiwi.cs.ucla.edu +34.068930-118.445127 1621464827.959498503
INFO:root:Send propagate message to server Bernard
INFO:root:Send propagate message to server Clark
INFO:root:Send propagate message to server Johnson
INFO:root:Recieved propagate message: AT Clark/Clark/Juzang/Johnson +32656703.691619635 kiwi.cs.ucla.edu +34.068930-118.445127 1621464827.959498503
INFO:root:Recieved propagate message: AT Clark/Clark/Jaquez/Bernard +32656703.691619635 kiwi.cs.ucla.edu +34.068930-118.445127 1621464827.959498503
INFO:root:Send propagate message to server Bernard
INFO:root:Recieved propagate message: AT Clark/Clark/Juzang/Bernard +32656703.691619635 kiwi.cs.ucla.edu +34.068930-118.445127 1621464827.959498503
INFO:root:Send propagate message to server Clark
INFO:root:Send propagate message to server Johnson
INFO:root:Recieved propagate message: AT Clark/Clark/Jaquez/Bernard/Johnson +32656703.691619635 kiwi.cs.ucla.edu +34.068930-118.445127 1621464827.959498503
INFO:root:Send propagate message to server Bernard
INFO:root:Recieved propagate message: AT Clark/Clark/Juzang/Johnson/Bernard +32656703.691619635 kiwi.cs.ucla.edu +34.068930-118.445127 1621464827.959498503
INFO:root:Recieved propagate message: AT Clark/Clark/Juzang/Bernard/Johnson +32656703.691619635 kiwi.cs.ucla.edu +34.068930-118.445127 1621464827.959498503
INFO:root:Send propagate message to server Clark
INFO:root:Send propagate message to server Johnson
INFO:root:Recieved propagate message: AT Clark/Clark/Jaquez/Bernard/Juzang/Johnson +32656703.691619635 kiwi.cs.ucla.edu +34.068930-118.445127 1621464827.959498503
INFO:root:Recieved WHATSAT message: WHATSAT kiwi.cs.ucla.edu 50 10
INFO:root:Reply with message: AT Juzang +32656833.8442955 kiwi.cs.ucla.edu +34.068930-118.445127 1621464827.959498503 {
   "html_attributions": [],
   "next_page_token": "Aap_uEDrvntTtpPzJILALIWU2aInpC0nI69Pf3cs839oVOSvrqd4feLDZvoFDN3stB1qEbaKvgQSQCTpSezwKzSekAvRzulPpebn8uRZA_pash7Gfl7Usyq2GQ-LGx1u-6cPsvfBjx02oTjSCq5-IAL14HQO8HJ-Ni2dbxApZo9bi_zXBhtRTlwls6LRzs4J6VACiuYjtozlbedhBhC91Nyav4QjZB6q8xbZamKHMjfXdYzXeJAJYhtGGgZ0lGmp_L2UeKtKxFpf2GSgoUyhFJmtnmdQt7XW0fQVAYWqnoyA9huQYepCC7sxG0TyKed3bAA5DpD4G_xOW1sJRT8SGrBCHku76cgfw7SomvugrPgs15fmJBNbgY-Y94zvoIVNmzt0XXpgjMnKTk2qdxvRJF9jdegJ4pzxBXlTNZTDkpo6QutM",
   "results": [
      {
         "geometry": {
            "location": {
               "lat": 34.0522342,
               "lng": -118.2436849
            },
            "viewport": {
               "northeast": {
                  "lat": 34.33730608759191,
                  "lng": -118.155289077463
               },
               "southwest": {
                  "lat": 33.70365193147634,
                  "lng": -118.6681759484859
               }
            }
         },
         "icon": "https://maps.gstatic.com/mapfiles/place_api/icons/v1/png_71/geocode-71.png",
         "icon_background_color": "#7B9EB0",
         "icon_mask_base_uri": "https://maps.gstatic.com/mapfiles/place_api/icons/v2/generic_pinlet",
         "name": "Los Angeles",
         "photos": [
            {
               "height": 746,
               "html_attributions": [
                  "<a href=\"https://maps.google.com/maps/contrib/108862076113400282635\">AROUND THE WORLD</a>"
               ],
               "photo_reference": "Aap_uEDs8s7UCcirbFFRQsxULtvvs5FmdtYxHrGS6al_JAepBDgAqRuh_geO43PFHLnSUn4SK44o7Xl0gtFqAlWsvgTby_-X-exyoJzIiLeRMdtRMHBxSiN5sRLD44W0uuiLTlQBienyaK03H7MblQy_Vw0g5bNSp_uEfGe7uvy7Tnd-E1Dr",
               "width": 1079
            }
         ],
         "place_id": "ChIJE9on3F3HwoAR9AhGJW_fL-I",
         "reference": "ChIJE9on3F3HwoAR9AhGJW_fL-I",
         "scope": "GOOGLE",
         "types": [
            "locality",
            "political"
         ],
         "vicinity": "Los Angeles"
      },
      {
         "business_status": "OPERATIONAL",
         "geometry": {
            "location": {
               "lat": 34.0632746,
               "lng": -118.4409504
            },
            "viewport": {
               "northeast": {
                  "lat": 34.0646108802915,
                  "lng": -118.4398087197085
               },
               "southwest": {
                  "lat": 34.0619129197085,
                  "lng": -118.4425066802915
               }
            }
         },
         "icon": "https://maps.gstatic.com/mapfiles/place_api/icons/v1/png_71/lodging-71.png",
         "icon_background_color": "#909CE1",
         "icon_mask_base_uri": "https://maps.gstatic.com/mapfiles/place_api/icons/v2/hotel_pinlet",
         "name": "W Los Angeles - West Beverly Hills",
         "photos": [
            {
               "height": 810,
               "html_attributions": [
                  "<a href=\"https://maps.google.com/maps/contrib/112226443518685790919\">W Los Angeles - West Beverly Hills</a>"
               ],
               "photo_reference": "Aap_uEB0fwJznEGHrSjUjHB6EKGqqmIeXoShWw-ers_o_JYb9cQ5efe5ItMJI5RrpgI2WZIKLCraVJJoASdVfvUPIUUSVIihp6sHwzz5u0M-W1fQqRrV0WDU0RupDT6I-Bv6fEX2NkYmZFNGRu51jHvCXEq-03Xx-ONaANrDOnRo0QHqZG6m",
               "width": 1440
            }
         ],
         "place_id": "ChIJffYelYC8woARkChY4cQOzUM",
         "plus_code": {
            "compound_code": "3H75+8J Los Angeles, CA, USA",
            "global_code": "85633H75+8J"
         },
         "rating": 4.2,
         "reference": "ChIJffYelYC8woARkChY4cQOzUM",
         "scope": "GOOGLE",
         "types": [
            "lodging",
            "point_of_interest",
            "establishment"
         ],
         "user_ratings_total": 1164,
         "vicinity": "930 Hilgard Avenue, Los Angeles"
      },
      {
         "business_status": "OPERATIONAL",
         "geometry": {
            "location": {
               "lat": 34.0606386,
               "lng": -118.4429771
            },
            "viewport": {
               "northeast": {
                  "lat": 34.0620311302915,
                  "lng": -118.4417359197085
               },
               "southwest": {
                  "lat": 34.0593331697085,
                  "lng": -118.4444338802915
               }
            }
         },
         "icon": "https://maps.gstatic.com/mapfiles/place_api/icons/v1/png_71/lodging-71.png",
         "icon_background_color": "#909CE1",
         "icon_mask_base_uri": "https://maps.gstatic.com/mapfiles/place_api/icons/v2/hotel_pinlet",
         "name": "Royal Palace Westwood Hotel",
         "opening_hours": {
            "open_now": true
         },
         "photos": [
            {
               "height": 1836,
               "html_attributions": [
                  "<a href=\"https://maps.google.com/maps/contrib/107513054366925301603\">Jose Solorio Gonzalez</a>"
               ],
               "photo_reference": "Aap_uED4DZRSO4U6K3a_le3YkqmYlpKwh3Vv0PCLXYGmmW5yY234utDuwOd9pBgpjS_41Aoedxi4rzfWYTooLudNBN60faXx2F_xE_jpZQy3fQoCwvzA9QEuRaQvuUNN9ki38cMog3XZiwN1N8ZIwbY48MwwqqPHgr9Cxzbv2N38XptuLTxV",
               "width": 3264
            }
         ],
         "place_id": "ChIJ36i1toG8woARHcjs6P2eCkU",
         "plus_code": {
            "compound_code": "3H64+7R Los Angeles, CA, USA",
            "global_code": "85633H64+7R"
         },
         "rating": 4.2,
         "reference": "ChIJ36i1toG8woARHcjs6P2eCkU",
         "scope": "GOOGLE",
         "types": [
            "lodging",
            "point_of_interest",
            "establishment"
         ],
         "user_ratings_total": 271,
         "vicinity": "1052 Tiverton Avenue, Los Angeles"
      },
      {
         "business_status": "OPERATIONAL",
         "geometry": {
            "location": {
               "lat": 34.0677273,
               "lng": -118.426036
            },
            "viewport": {
               "northeast": {
                  "lat": 34.06895858029149,
                  "lng": -118.4244877697085
               },
               "southwest": {
                  "lat": 34.0662606197085,
                  "lng": -118.4271857302915
               }
            }
         },
         "icon": "https://maps.gstatic.com/mapfiles/place_api/icons/v1/png_71/lodging-71.png",
         "icon_background_color": "#909CE1",
         "icon_mask_base_uri": "https://maps.gstatic.com/mapfiles/place_api/icons/v2/hotel_pinlet",
         "name": "Beverly Hills Plaza Hotel & Spa",
         "opening_hours": {
            "open_now": true
         },
         "photos": [
            {
               "height": 4032,
               "html_attributions": [
                  "<a href=\"https://maps.google.com/maps/contrib/113734743894785553135\">Ksenia Busheva</a>"
               ],
               "photo_reference": "Aap_uEAxSkgHb4njXu2OjHLeA3FJhkNxf13j1dogQb3XpN9hwCCsb092Ougyeh-HzWnIjqjZxyzPdM-vH5Lx-6h2A4jmFw3sh_QdG1O6IE6mtYBWRijxw81anncL3m0SLuNErHLPzPEwFcMGy7oRKECf3zvloLVaFz2GaUClACQZivF_r8mR",
               "width": 3024
            }
         ],
         "place_id": "ChIJ5ZA1I3e8woARBzIurF6K3vU",
         "plus_code": {
            "compound_code": "3H9F+3H Los Angeles, CA, USA",
            "global_code": "85633H9F+3H"
         },
         "rating": 4.4,
         "reference": "ChIJ5ZA1I3e8woARBzIurF6K3vU",
         "scope": "GOOGLE",
         "types": [
            "lodging",
            "point_of_interest",
            "establishment"
         ],
         "user_ratings_total": 396,
         "vicinity": "10300 Wilshire Boulevard, Los Angeles"
      },
      {
         "business_status": "OPERATIONAL",
         "geometry": {
            "location": {
               "lat": 34.0737527,
               "lng": -118.4682129
            },
            "viewport": {
               "northeast": {
                  "lat": 34.07501653029149,
                  "lng": -118.4668231197085
               },
               "southwest": {
                  "lat": 34.0723185697085,
                  "lng": -118.4695210802915
               }
            }
         },
         "icon": "https://maps.gstatic.com/mapfiles/place_api/icons/v1/png_71/lodging-71.png",
         "icon_background_color": "#909CE1",
         "icon_mask_base_uri": "https://maps.gstatic.com/mapfiles/place_api/icons/v2/hotel_pinlet",
         "name": "Hotel Angeleno",
         "opening_hours": {
            "open_now": true
         },
         "photos": [
            {
               "height": 4013,
               "html_attributions": [
                  "<a href=\"https://maps.google.com/maps/contrib/109137024387790382898\">Hotel Angeleno</a>"
               ],
               "photo_reference": "Aap_uEANDxFKwNl49JDkofmzsqcuskqA-BvrKU2tPug1OuP8zqrIsu0pTIrpcWp3ania8BPDLqR8vdFAfRxN4SqK5Wxg__i30SKLFHzrzyQba46biy1WE82Tq4uBeTL0oUDmjGicAquTCZNB875mEDxds-_WODunbiYgvlDAYqYtte3Y4Ku7",
               "width": 5375
            }
         ],
         "place_id": "ChIJt37HtsC8woARLi6S2eMbe_o",
         "plus_code": {
            "compound_code": "3GFJ+GP Los Angeles, CA, USA",
            "global_code": "85633GFJ+GP"
         },
         "rating": 4,
         "reference": "ChIJt37HtsC8woARLi6S2eMbe_o",
         "scope": "GOOGLE",
         "types": [
            "lodging",
            "point_of_interest",
            "establishment"
         ],
         "user_ratings_total": 1563,
         "vicinity": "170 North Church Lane, Los Angeles"
      },
      {
         "business_status": "CLOSED_TEMPORARILY",
         "geometry": {
            "location": {
               "lat": 34.0508994,
               "lng": -118.4329414
            },
            "viewport": {
               "northeast": {
                  "lat": 34.0523316802915,
                  "lng": -118.4316681697085
               },
               "southwest": {
                  "lat": 34.0496337197085,
                  "lng": -118.4343661302915
               }
            }
         },
         "icon": "https://maps.gstatic.com/mapfiles/place_api/icons/v1/png_71/lodging-71.png",
         "icon_background_color": "#909CE1",
         "icon_mask_base_uri": "https://maps.gstatic.com/mapfiles/place_api/icons/v2/hotel_pinlet",
         "name": "Good Nite Inn West Los Angeles",
         "permanently_closed": true,
         "photos": [
            {
               "height": 846,
               "html_attributions": [
                  "<a href=\"https://maps.google.com/maps/contrib/100651554546227732798\">Good Nite Inn West Los Angeles</a>"
               ],
               "photo_reference": "Aap_uEDh44ER9VPoxoQGfs14cOd2DtJlmyOfFwBS_wY8RLF1b2L_wSzWiL8VnzKJNqFx0O_NKY7yeSnjya822PgMfozwDmAIxNEYYrn0dx79ZSuV6DH_fOSMOJKPch3sNSwyxqPzaQqavkXaI7eGOtjuV-NTr8cyTgjVKXpHzUxwRzaWY_N6",
               "width": 1300
            }
         ],
         "place_id": "ChIJdSBYTpu7woAR3Sf7DOdRWWg",
         "plus_code": {
            "compound_code": "3H28+9R Los Angeles, CA, USA",
            "global_code": "85633H28+9R"
         },
         "rating": 3.6,
         "reference": "ChIJdSBYTpu7woAR3Sf7DOdRWWg",
         "scope": "GOOGLE",
         "types": [
            "lodging",
            "point_of_interest",
            "establishment"
         ],
         "user_ratings_total": 299,
         "vicinity": "10740 Santa Monica Boulevard, Los Angeles"
      },
      {
         "business_status": "OPERATIONAL",
         "geometry": {
            "location": {
               "lat": 34.068921,
               "lng": -118.4451811
            },
            "viewport": {
               "northeast": {
                  "lat": 34.0828575,
                  "lng": -118.42990995
               },
               "southwest": {
                  "lat": 34.0575047,
                  "lng": -118.46313815
               }
            }
         },
         "icon": "https://maps.gstatic.com/mapfiles/place_api/icons/v1/png_71/school-71.png",
         "icon_background_color": "#7B9EB0",
         "icon_mask_base_uri": "https://maps.gstatic.com/mapfiles/place_api/icons/v2/school_pinlet",
         "name": "University of California, Los Angeles",
         "photos": [
            {
               "height": 1440,
               "html_attributions": [
                  "<a href=\"https://maps.google.com/maps/contrib/109886582985269547008\">TIAN XIA</a>"
               ],
               "photo_reference": "Aap_uEApf07_r3-5hlWLXyeKMS20hfKAS5-2tWqS75uwm35PmjKHNffZ_ZxzAEiR71jRxsRx_RbyrCcx0hm2s0r34F2nQlmu4tFJAr9trvvCZAbIFBHQrrpfFHk7S7qGuEjBmCd0-TVplVXbdwoPIm4b_gct3RU4KWwU26w3P72uWje9Q2fy",
               "width": 1440
            }
         ],
         "place_id": "ChIJZQ9c8IW8woARN0gTXFiTqSU",
         "plus_code": {
            "compound_code": "3H93+HW Los Angeles, CA, USA",
            "global_code": "85633H93+HW"
         },
         "rating": 4.6,
         "reference": "ChIJZQ9c8IW8woARN0gTXFiTqSU",
         "scope": "GOOGLE",
         "types": [
            "university",
            "point_of_interest",
            "establishment"
         ],
         "user_ratings_total": 2205,
         "vicinity": "Los Angeles"
      },
      {
         "business_status": "OPERATIONAL",
         "geometry": {
            "location": {
               "lat": 34.072598,
               "lng": -118.468582
            },
            "viewport": {
               "northeast": {
                  "lat": 34.0739042302915,
                  "lng": -118.4673464697085
               },
               "southwest": {
                  "lat": 34.0712062697085,
                  "lng": -118.4700444302915
               }
            }
         },
         "icon": "https://maps.gstatic.com/mapfiles/place_api/icons/v1/png_71/lodging-71.png",
         "icon_background_color": "#909CE1",
         "icon_mask_base_uri": "https://maps.gstatic.com/mapfiles/place_api/icons/v2/hotel_pinlet",
         "name": "Luxe Sunset Boulevard Hotel",
         "opening_hours": {
            "open_now": true
         },
         "photos": [
            {
               "height": 801,
               "html_attributions": [
                  "<a href=\"https://maps.google.com/maps/contrib/111158627418530220550\">Luxe Sunset Boulevard Hotel</a>"
               ],
               "photo_reference": "Aap_uEA8sLtzmsSILBMsSPYgXRRAL1E-9lTZ9-N48QKPWa6zEfxv0_nsTmZV_2TjAO1-0U31vLUlcw9DW5hzPGmoDWnwC2n72xgrZ1wX2WBXVv8wL29OTzVfU6HDnZWLtPsjxQWmCs71KLBlk0JWP6K6ARsIh_jR8uU5eL8ZHkEZ49hb2vit",
               "width": 1200
            }
         ],
         "place_id": "ChIJP2-QVL-8woARX7Y4RJZwa54",
         "plus_code": {
            "compound_code": "3GFJ+2H Los Angeles, CA, USA",
            "global_code": "85633GFJ+2H"
         },
         "rating": 4.3,
         "reference": "ChIJP2-QVL-8woARX7Y4RJZwa54",
         "scope": "GOOGLE",
         "types": [
            "lodging",
            "point_of_interest",
            "establishment"
         ],
         "user_ratings_total": 904,
         "vicinity": "11461 Sunset Boulevard, Los Angeles"
      },
      {
         "business_status": "OPERATIONAL",
         "geometry": {
            "location": {
               "lat": 34.057821,
               "lng": -118.4460262
            },
            "viewport": {
               "northeast": {
                  "lat": 34.05897313029151,
                  "lng": -118.4446203697085
               },
               "southwest": {
                  "lat": 34.05627516970851,
                  "lng": -118.4473183302915
               }
            }
         },
         "icon": "https://maps.gstatic.com/mapfiles/place_api/icons/v1/png_71/generic_business-71.png",
         "icon_background_color": "#7B9EB0",
         "icon_mask_base_uri": "https://maps.gstatic.com/mapfiles/place_api/icons/v2/generic_pinlet",
         "name": "Equinox Westwood",
         "opening_hours": {
            "open_now": true
         },
         "photos": [
            {
               "height": 1080,
               "html_attributions": [
                  "<a href=\"https://maps.google.com/maps/contrib/117475746974290616236\">Equinox Westwood</a>"
               ],
               "photo_reference": "Aap_uEB5lE-65fj9I2XypHdz5ESSFn_OmoaLHA2LdpL6tgOB9ZqOF4NDSG27LcJVZsmWG7X9aIaljLvqTzvuExgEITKExuqcnpNaRQhypdzOsIzvi3jJx9llEqw1O3PcsbMVi8LYR0_VZxrnhsVRI8imnZGCOaiMFIu-UGQOB2gsuUptm6Fz",
               "width": 1620
            }
         ],
         "place_id": "ChIJbdg35X27woARHB-LMaIwlTc",
         "plus_code": {
            "compound_code": "3H53+4H Los Angeles, CA, USA",
            "global_code": "85633H53+4H"
         },
         "rating": 3.9,
         "reference": "ChIJbdg35X27woARHB-LMaIwlTc",
         "scope": "GOOGLE",
         "types": [
            "gym",
            "point_of_interest",
            "health",
            "establishment"
         ],
         "user_ratings_total": 79,
         "vicinity": "10960 Wilshire Boulevard, Los Angeles"
      },
      {
         "business_status": "OPERATIONAL",
         "geometry": {
            "location": {
               "lat": 34.0634331,
               "lng": -118.4444494
            },
            "viewport": {
               "northeast": {
                  "lat": 34.0649131302915,
                  "lng": -118.4431012197085
               },
               "southwest": {
                  "lat": 34.0622151697085,
                  "lng": -118.4457991802915
               }
            }
         },
         "icon": "https://maps.gstatic.com/mapfiles/place_api/icons/v1/png_71/generic_business-71.png",
         "icon_background_color": "#13B5C7",
         "icon_mask_base_uri": "https://maps.gstatic.com/mapfiles/place_api/icons/v2/generic_pinlet",
         "name": "Geffen Playhouse",
         "opening_hours": {
            "open_now": true
         },
         "photos": [
            {
               "height": 4002,
               "html_attributions": [
                  "<a href=\"https://maps.google.com/maps/contrib/110196796535680922577\">Geffen Playhouse</a>"
               ],
               "photo_reference": "Aap_uECVXIl3UWFktUEhLv1xMeDRgb5ElZGyheFdXocdQruOcv4My8KSg0ysMUdeVs9z6R1o_jS4YYSxLxpfgY7_C5HOSTdRw9G3rGPxl6wTM6zHdpZ5F03wJaq6TjflvKB-2MpZH1XgE88rzVWouecfZKFmqvRPjWmo9Px60bcJbm3C6Uqi",
               "width": 6000
            }
         ],
         "place_id": "ChIJC9ZmTYG8woARUQOWZ4HWAtU",
         "plus_code": {
            "compound_code": "3H74+96 Los Angeles, CA, USA",
            "global_code": "85633H74+96"
         },
         "rating": 4.7,
         "reference": "ChIJC9ZmTYG8woARUQOWZ4HWAtU",
         "scope": "GOOGLE",
         "types": [
            "point_of_interest",
            "establishment"
         ],
         "user_ratings_total": 564,
         "vicinity": "10886 Le Conte Avenue, Los Angeles"
      }
   ],
   "status": "OK"
}
